<?xml version="1.0" encoding="UTF-8"?>
<testsuite xmlns:xsi="http://www.w3.org/2001/XMLSchema-instance" xsi:noNamespaceSchemaLocation="https://maven.apache.org/surefire/maven-surefire-plugin/xsd/surefire-test-report.xsd" name="com.ontariotechu.sofe3980U.BinaryTest" time="0.016" tests="20" errors="0" skipped="0" failures="0">
  <properties>
    <property name="sun.desktop" value="windows"/>
    <property name="awt.toolkit" value="sun.awt.windows.WToolkit"/>
    <property name="file.encoding.pkg" value="sun.io"/>
    <property name="jdk.extensions.version" value="17.0.8.1"/>
    <property name="java.specification.version" value="17"/>
    <property name="sun.jnu.encoding" value="Cp1252"/>
    <property name="java.class.path" value="C:\Users\khaleel\Desktop\maven project\BinaryCalculator\target\test-classes;C:\Users\khaleel\Desktop\maven project\BinaryCalculator\target\classes;C:\Users\khaleel\.m2\repository\junit\junit\4.11\junit-4.11.jar;C:\Users\khaleel\.m2\repository\org\hamcrest\hamcrest-core\1.3\hamcrest-core-1.3.jar;C:\Users\khaleel\.m2\repository\joda-time\joda-time\2.13.0\joda-time-2.13.0.jar;"/>
    <property name="java.vm.vendor" value="Eclipse OpenJ9"/>
    <property name="sun.arch.data.model" value="64"/>
    <property name="com.ibm.vm.bitmode" value="64"/>
    <property name="user.variant" value=""/>
    <property name="com.ibm.oti.vm.library.version" value="29"/>
    <property name="java.vendor.url" value="https://www.ibm.com/semeru-runtimes"/>
    <property name="user.timezone" value="America/Toronto"/>
    <property name="os.name" value="Windows 11"/>
    <property name="java.vm.specification.version" value="17"/>
    <property name="user.country" value="CA"/>
    <property name="sun.java.launcher" value="SUN_STANDARD"/>
    <property name="sun.boot.library.path" value="C:\Users\khaleel\Desktop\pol\jdk-17.0.8.1+1\bin\default;C:\Users\khaleel\Desktop\pol\jdk-17.0.8.1+1\bin"/>
    <property name="sun.java.command" value="C:\Users\khaleel\AppData\Local\Temp\surefire11593906779570884236\surefirebooter11251725377687921131.jar C:\Users\khaleel\AppData\Local\Temp\surefire11593906779570884236 2025-01-27T19-55-57_153-jvmRun1 surefire5886309692695227270tmp surefire_015957467720940797453tmp"/>
    <property name="surefire.test.class.path" value="C:\Users\khaleel\Desktop\maven project\BinaryCalculator\target\test-classes;C:\Users\khaleel\Desktop\maven project\BinaryCalculator\target\classes;C:\Users\khaleel\.m2\repository\junit\junit\4.11\junit-4.11.jar;C:\Users\khaleel\.m2\repository\org\hamcrest\hamcrest-core\1.3\hamcrest-core-1.3.jar;C:\Users\khaleel\.m2\repository\joda-time\joda-time\2.13.0\joda-time-2.13.0.jar;"/>
    <property name="sun.cpu.endian" value="little"/>
    <property name="user.home" value="C:\Users\khaleel"/>
    <property name="user.language" value="en"/>
    <property name="java.specification.vendor" value="Oracle Corporation"/>
    <property name="java.version.date" value="2023-08-24"/>
    <property name="java.home" value="C:\Users\khaleel\Desktop\pol\jdk-17.0.8.1+1"/>
    <property name="ibm.signalhandling.rs" value="false"/>
    <property name="openjdk.methodhandles" value="true"/>
    <property name="file.separator" value="\"/>
    <property name="jdk.extensions.name" value="Extensions for OpenJDK for Eclipse OpenJ9"/>
    <property name="basedir" value="C:\Users\khaleel\Desktop\maven project\BinaryCalculator"/>
    <property name="line.separator" value="&#10;"/>
    <property name="java.specification.name" value="Java Platform API Specification"/>
    <property name="java.vm.specification.vendor" value="Oracle Corporation"/>
    <property name="java.compiler" value="j9jit29"/>
    <property name="com.ibm.util.extralibs.properties" value=""/>
    <property name="java.awt.graphicsenv" value="sun.awt.Win32GraphicsEnvironment"/>
    <property name="com.ibm.oti.configuration" value="scar"/>
    <property name="java.awt.fonts" value=""/>
    <property name="surefire.real.class.path" value="C:\Users\khaleel\AppData\Local\Temp\surefire11593906779570884236\surefirebooter11251725377687921131.jar"/>
    <property name="com.ibm.oti.shared.enabled" value="false"/>
    <property name="com.ibm.oti.vm.bootstrap.library.path" value="C:\Users\khaleel\Desktop\pol\jdk-17.0.8.1+1\bin\default;C:\Users\khaleel\Desktop\pol\jdk-17.0.8.1+1\bin"/>
    <property name="com.ibm.cpu.endian" value="little"/>
    <property name="java.fullversion" value="17.0.8.1+1&#10;JRE 17 Windows 11 amd64-64-Bit Compressed References 20230824_503 (JIT enabled, AOT enabled)&#10;OpenJ9   - d12d10c9e&#10;OMR      - e80bff83b&#10;JCL      - 8ecf238a124 based on jdk-17.0.8.1+1"/>
    <property name="java.runtime.version" value="17.0.8.1+1"/>
    <property name="user.name" value="khaleel"/>
    <property name="path.separator" value=";"/>
    <property name="os.version" value="10.0"/>
    <property name="java.runtime.name" value="IBM Semeru Runtime Open Edition"/>
    <property name="ibm.signalhandling.sigint" value="true"/>
    <property name="file.encoding" value="Cp1252"/>
    <property name="java.vm.name" value="Eclipse OpenJ9 VM"/>
    <property name="java.vendor.version" value="17.0.8.1"/>
    <property name="ibm.signalhandling.sigchain" value="true"/>
    <property name="localRepository" value="C:\Users\khaleel\.m2\repository"/>
    <property name="java.vendor.url.bug" value="https://github.com/ibmruntimes/Semeru-Runtimes/issues"/>
    <property name="java.io.tmpdir" value="C:\Users\khaleel\AppData\Local\Temp\"/>
    <property name="java.version" value="17.0.8.1"/>
    <property name="com.ibm.system.agent.path" value="C:\Users\khaleel\Desktop\pol\jdk-17.0.8.1+1\bin"/>
    <property name="user.dir" value="C:\Users\khaleel\Desktop\maven project\BinaryCalculator"/>
    <property name="os.arch" value="amd64"/>
    <property name="java.vm.specification.name" value="Java Virtual Machine Specification"/>
    <property name="java.awt.printerjob" value="sun.awt.windows.WPrinterJob"/>
    <property name="os.encoding" value="UTF-8"/>
    <property name="native.encoding" value="Cp1252"/>
    <property name="java.library.path" value="C:\Users\khaleel\Desktop\pol\jdk-17.0.8.1+1\bin\default;C:\Users\khaleel\Desktop\pol\jdk-17.0.8.1+1\bin;C:\WINDOWS\system32;C:\WINDOWS;C:\Program Files\Common Files\Oracle\Java\javapath;C:\WINDOWS\system32;C:\WINDOWS;C:\WINDOWS\System32\Wbem;C:\WINDOWS\System32\WindowsPowerShell\v1.0\;C:\WINDOWS\System32\OpenSSH\;C:\Program Files\Intel\WiFi\bin\;C:\Program Files\Common Files\Intel\WirelessCommon\;C:\Program Files\Microsoft SQL Server\Client SDK\ODBC\170\Tools\Binn\;C:\Program Files\Microsoft SQL Server\150\Tools\Binn\;C:\Program Files\nodejs\;C:\Program Files\dotnet\;C:\Users\khaleel\AppData\Local\Programs\Python\Python313\Scripts\;C:\Users\khaleel\AppData\Local\Programs\Python\Python313\;C:\Users\khaleel\AppData\Local\Programs\Python\Launcher\;C:\Users\khaleel\AppData\Local\Microsoft\WindowsApps;C:\Users\khaleel\AppData\Roaming\npm;C:\Program Files\JetBrains\IntelliJ IDEA Community Edition 2023.3.2\bin;;C:\Users\khaleel\.dotnet\tools;C:\msys64\ucrt64\bin;C:\Users\khaleel\Desktop\apache-maven-3.9.9-bin\apache-maven-3.9.9\bin;;."/>
    <property name="java.vendor" value="IBM Corporation"/>
    <property name="java.vm.info" value="JRE 17 Windows 11 amd64-64-Bit Compressed References 20230824_503 (JIT enabled, AOT enabled)&#10;OpenJ9   - d12d10c9e&#10;OMR      - e80bff83b&#10;JCL      - 8ecf238a124 based on jdk-17.0.8.1+1"/>
    <property name="java.vm.version" value="openj9-0.40.0"/>
    <property name="com.ibm.jcl.checkClassPath" value=""/>
    <property name="ibm.system.encoding" value="Cp1252"/>
    <property name="java.lang.invoke.VarHandle.VAR_HANDLE_GUARDS" value="false"/>
    <property name="sun.io.unicode.encoding" value="UnicodeLittle"/>
    <property name="java.class.version" value="61.0"/>
  </properties>
  <testcase name="constructorWithInvalidDigits" classname="com.ontariotechu.sofe3980U.BinaryTest" time="0"/>
  <testcase name="orFirstShorter" classname="com.ontariotechu.sofe3980U.BinaryTest" time="0"/>
  <testcase name="orSameLength" classname="com.ontariotechu.sofe3980U.BinaryTest" time="0"/>
  <testcase name="multiplyWithZero" classname="com.ontariotechu.sofe3980U.BinaryTest" time="0"/>
  <testcase name="andFirstShorter" classname="com.ontariotechu.sofe3980U.BinaryTest" time="0"/>
  <testcase name="andSameLength" classname="com.ontariotechu.sofe3980U.BinaryTest" time="0"/>
  <testcase name="multiplyWithOne" classname="com.ontariotechu.sofe3980U.BinaryTest" time="0.001"/>
  <testcase name="orFirstLonger" classname="com.ontariotechu.sofe3980U.BinaryTest" time="0"/>
  <testcase name="add" classname="com.ontariotechu.sofe3980U.BinaryTest" time="0"/>
  <testcase name="add2" classname="com.ontariotechu.sofe3980U.BinaryTest" time="0"/>
  <testcase name="add3" classname="com.ontariotechu.sofe3980U.BinaryTest" time="0"/>
  <testcase name="add4" classname="com.ontariotechu.sofe3980U.BinaryTest" time="0"/>
  <testcase name="add5" classname="com.ontariotechu.sofe3980U.BinaryTest" time="0"/>
  <testcase name="constructorWithNegativeSign" classname="com.ontariotechu.sofe3980U.BinaryTest" time="0.001"/>
  <testcase name="multiplySameLength" classname="com.ontariotechu.sofe3980U.BinaryTest" time="0.001"/>
  <testcase name="constructorWithInvalidChars" classname="com.ontariotechu.sofe3980U.BinaryTest" time="0"/>
  <testcase name="constructorEmptyString" classname="com.ontariotechu.sofe3980U.BinaryTest" time="0"/>
  <testcase name="andFirstLonger" classname="com.ontariotechu.sofe3980U.BinaryTest" time="0"/>
  <testcase name="normalConstructor" classname="com.ontariotechu.sofe3980U.BinaryTest" time="0"/>
  <testcase name="constructorWithZeroTailing" classname="com.ontariotechu.sofe3980U.BinaryTest" time="0"/>
</testsuite>